0 info it worked if it ends with ok
1 verbose cli [ 'node', '/home/t/nvm/v0.6.21/bin/npm', 'run-script', 'start' ]
2 info using npm@1.1.37
3 info using node@v0.6.21-pre
4 verbose config file /home/t/.npmrc
5 verbose config file /home/t/nvm/v0.6.21/etc/npmrc
6 verbose config file /home/t/nvm/v0.6.21/lib/node_modules/npm/npmrc
7 verbose read json /home/t/projects/ride2go/package.json
8 verbose run-script [ 'prestart', 'start', 'poststart' ]
9 info prestart ride2go@0.0.2
10 info start ride2go@0.0.2
11 verbose unsafe-perm in lifecycle true
12 silly exec sh "-c" "node lib/server.js"
13 silly sh,-c,node lib/server.js,/home/t/projects/ride2go spawning
14 info ride2go@0.0.2 Failed to exec start script
15 error ride2go@0.0.2 start: `node lib/server.js`
15 error `sh "-c" "node lib/server.js"` failed with 1
16 error Failed at the ride2go@0.0.2 start script.
16 error This is most likely a problem with the ride2go package,
16 error not with npm itself.
16 error Tell the author that this fails on your system:
16 error     node lib/server.js
16 error You can get their info via:
16 error     npm owner ls ride2go
16 error There is likely additional logging output above.
17 error System Linux 3.2.0-32-generic
18 error command "node" "/home/t/nvm/v0.6.21/bin/npm" "run-script" "start"
19 error cwd /home/t/projects/ride2go
20 error node -v v0.6.21-pre
21 error npm -v 1.1.37
22 error code ELIFECYCLE
23 error message ride2go@0.0.2 start: `node lib/server.js`
23 error message `sh "-c" "node lib/server.js"` failed with 1
24 verbose exit [ 1, true ]
